# JRE version: Java(TM) SE Runtime Environment (8.0_11-b12) (build 1.8.0_11-b12)
# Java VM: Java HotSpot(TM) 64-Bit Server VM (25.11-b03 mixed mode linux-amd64 compressed oops)
Heap:
 PSYoungGen      total 154112K, used 38773K [0x00000000d6700000, 0x00000000e0980000, 0x0000000100000000)
  eden space 142848K, 21% used [0x00000000d6700000,0x00000000d854eb58,0x00000000df280000)
  from space 11264K, 68% used [0x00000000dfe00000,0x00000000e058e8f0,0x00000000e0900000)
  to   space 11776K, 0% used [0x00000000df280000,0x00000000df280000,0x00000000dfe00000)
 ParOldGen       total 24064K, used 17464K [0x0000000083400000, 0x0000000084b80000, 0x00000000d6700000)
  object space 24064K, 72% used [0x0000000083400000,0x000000008450e160,0x0000000084b80000)
 Metaspace       used 41358K, capacity 42740K, committed 42880K, reserved 1085440K
  class space    used 5898K, capacity 6200K, committed 6272K, reserved 1048576K
GC Heap History (10 events):
Event: 10.452 GC heap before
{Heap before GC invocations=30 (full 3):
 PSYoungGen      total 114176K, used 7243K [0x00000000d6700000, 0x00000000df480000, 0x0000000100000000)
  eden space 105984K, 0% used [0x00000000d6700000,0x00000000d6700000,0x00000000dce80000)
  from space 8192K, 88% used [0x00000000dce80000,0x00000000dd592f68,0x00000000dd680000)
  to   space 9216K, 0% used [0x00000000deb80000,0x00000000deb80000,0x00000000df480000)
 ParOldGen       total 12800K, used 11314K [0x0000000083400000, 0x0000000084080000, 0x00000000d6700000)
  object space 12800K, 88% used [0x0000000083400000,0x0000000083f0cad0,0x0000000084080000)
 Metaspace       used 31802K, capacity 32470K, committed 32768K, reserved 1077248K
  class space    used 4618K, capacity 4779K, committed 4864K, reserved 1048576K
Event: 10.540 GC heap after
Heap after GC invocations=30 (full 3):
 PSYoungGen      total 114176K, used 1032K [0x00000000d6700000, 0x00000000df480000, 0x0000000100000000)
  eden space 105984K, 0% used [0x00000000d6700000,0x00000000d6700000,0x00000000dce80000)
  from space 8192K, 12% used [0x00000000dce80000,0x00000000dcf82000,0x00000000dd680000)
  to   space 9216K, 0% used [0x00000000deb80000,0x00000000deb80000,0x00000000df480000)
 ParOldGen       total 17920K, used 12786K [0x0000000083400000, 0x0000000084580000, 0x00000000d6700000)
  object space 17920K, 71% used [0x0000000083400000,0x000000008407c878,0x0000000084580000)
 Metaspace       used 31802K, capacity 32470K, committed 32768K, reserved 1077248K
  class space    used 4618K, capacity 4779K, committed 4864K, reserved 1048576K
}
Event: 13.020 GC heap before
{Heap before GC invocations=31 (full 3):
 PSYoungGen      total 114176K, used 107016K [0x00000000d6700000, 0x00000000df480000, 0x0000000100000000)
  eden space 105984K, 100% used [0x00000000d6700000,0x00000000dce80000,0x00000000dce80000)
  from space 8192K, 12% used [0x00000000dce80000,0x00000000dcf82000,0x00000000dd680000)
  to   space 9216K, 0% used [0x00000000deb80000,0x00000000deb80000,0x00000000df480000)
 ParOldGen       total 17920K, used 12786K [0x0000000083400000, 0x0000000084580000, 0x00000000d6700000)
  object space 17920K, 71% used [0x0000000083400000,0x000000008407c878,0x0000000084580000)
 Metaspace       used 34954K, capacity 35820K, committed 35968K, reserved 1079296K
  class space    used 5031K, capacity 5197K, committed 5248K, reserved 1048576K
Event: 13.074 GC heap after
Heap after GC invocations=31 (full 3):
 PSYoungGen      total 130560K, used 6934K [0x00000000d6700000, 0x00000000df300000, 0x0000000100000000)
  eden space 122880K, 0% used [0x00000000d6700000,0x00000000d6700000,0x00000000ddf00000)
  from space 7680K, 90% used [0x00000000deb80000,0x00000000df245b38,0x00000000df300000)
  to   space 10240K, 0% used [0x00000000ddf00000,0x00000000ddf00000,0x00000000de900000)
 ParOldGen       total 17920K, used 13869K [0x0000000083400000, 0x0000000084580000, 0x00000000d6700000)
  object space 17920K, 77% used [0x0000000083400000,0x000000008418b7d0,0x0000000084580000)
 Metaspace       used 34954K, capacity 35820K, committed 35968K, reserved 1079296K
  class space    used 5031K, capacity 5197K, committed 5248K, reserved 1048576K
}
Event: 14.799 GC heap before
{Heap before GC invocations=32 (full 3):
 PSYoungGen      total 130560K, used 129814K [0x00000000d6700000, 0x00000000df300000, 0x0000000100000000)
  eden space 122880K, 100% used [0x00000000d6700000,0x00000000ddf00000,0x00000000ddf00000)
  from space 7680K, 90% used [0x00000000deb80000,0x00000000df245b38,0x00000000df300000)
  to   space 10240K, 0% used [0x00000000ddf00000,0x00000000ddf00000,0x00000000de900000)
 ParOldGen       total 17920K, used 13869K [0x0000000083400000, 0x0000000084580000, 0x00000000d6700000)
  object space 17920K, 77% used [0x0000000083400000,0x000000008418b7d0,0x0000000084580000)
 Metaspace       used 37250K, capacity 38178K, committed 38400K, reserved 1081344K
  class space    used 5324K, capacity 5519K, committed 5632K, reserved 1048576K
Event: 14.906 GC heap after
Heap after GC invocations=32 (full 3):
 PSYoungGen      total 133120K, used 8815K [0x00000000d6700000, 0x00000000e0900000, 0x0000000100000000)
  eden space 122880K, 0% used [0x00000000d6700000,0x00000000d6700000,0x00000000ddf00000)
  from space 10240K, 86% used [0x00000000ddf00000,0x00000000de79bed0,0x00000000de900000)
  to   space 11264K, 0% used [0x00000000dfe00000,0x00000000dfe00000,0x00000000e0900000)
 ParOldGen       total 17920K, used 16274K [0x0000000083400000, 0x0000000084580000, 0x00000000d6700000)
  object space 17920K, 90% used [0x0000000083400000,0x00000000843e4878,0x0000000084580000)
 Metaspace       used 37250K, capacity 38178K, committed 38400K, reserved 1081344K
  class space    used 5324K, capacity 5519K, committed 5632K, reserved 1048576K
}
Event: 14.906 GC heap before
{Heap before GC invocations=33 (full 4):
 PSYoungGen      total 133120K, used 8815K [0x00000000d6700000, 0x00000000e0900000, 0x0000000100000000)
  eden space 122880K, 0% used [0x00000000d6700000,0x00000000d6700000,0x00000000ddf00000)
  from space 10240K, 86% used [0x00000000ddf00000,0x00000000de79bed0,0x00000000de900000)
  to   space 11264K, 0% used [0x00000000dfe00000,0x00000000dfe00000,0x00000000e0900000)
 ParOldGen       total 17920K, used 16274K [0x0000000083400000, 0x0000000084580000, 0x00000000d6700000)
  object space 17920K, 90% used [0x0000000083400000,0x00000000843e4878,0x0000000084580000)
 Metaspace       used 37250K, capacity 38178K, committed 38400K, reserved 1081344K
  class space    used 5324K, capacity 5519K, committed 5632K, reserved 1048576K
Event: 14.994 GC heap after
Heap after GC invocations=33 (full 4):
 PSYoungGen      total 133120K, used 0K [0x00000000d6700000, 0x00000000e0900000, 0x0000000100000000)
  eden space 122880K, 0% used [0x00000000d6700000,0x00000000d6700000,0x00000000ddf00000)
  from space 10240K, 0% used [0x00000000ddf00000,0x00000000ddf00000,0x00000000de900000)
  to   space 11264K, 0% used [0x00000000dfe00000,0x00000000dfe00000,0x00000000e0900000)
 ParOldGen       total 24064K, used 17464K [0x0000000083400000, 0x0000000084b80000, 0x00000000d6700000)
  object space 24064K, 72% used [0x0000000083400000,0x000000008450e160,0x0000000084b80000)
 Metaspace       used 37250K, capacity 38178K, committed 38400K, reserved 1081344K
  class space    used 5324K, capacity 5519K, committed 5632K, reserved 1048576K
}
Event: 17.229 GC heap before
{Heap before GC invocations=34 (full 4):
 PSYoungGen      total 133120K, used 122880K [0x00000000d6700000, 0x00000000e0900000, 0x0000000100000000)
  eden space 122880K, 100% used [0x00000000d6700000,0x00000000ddf00000,0x00000000ddf00000)
  from space 10240K, 0% used [0x00000000ddf00000,0x00000000ddf00000,0x00000000de900000)
  to   space 11264K, 0% used [0x00000000dfe00000,0x00000000dfe00000,0x00000000e0900000)
 ParOldGen       total 24064K, used 17464K [0x0000000083400000, 0x0000000084b80000, 0x00000000d6700000)
  object space 24064K, 72% used [0x0000000083400000,0x000000008450e160,0x0000000084b80000)
 Metaspace       used 40394K, capacity 41626K, committed 41856K, reserved 1085440K
  class space    used 5738K, capacity 6011K, committed 6016K, reserved 1048576K
Event: 17.281 GC heap after
Heap after GC invocations=34 (full 4):
 PSYoungGen      total 154112K, used 7738K [0x00000000d6700000, 0x00000000e0980000, 0x0000000100000000)
  eden space 142848K, 0% used [0x00000000d6700000,0x00000000d6700000,0x00000000df280000)
  from space 11264K, 68% used [0x00000000dfe00000,0x00000000e058e8f0,0x00000000e0900000)
  to   space 11776K, 0% used [0x00000000df280000,0x00000000df280000,0x00000000dfe00000)
 ParOldGen       total 24064K, used 17464K [0x0000000083400000, 0x0000000084b80000, 0x00000000d6700000)
  object space 24064K, 72% used [0x0000000083400000,0x000000008450e160,0x0000000084b80000)
 Metaspace       used 40394K, capacity 41626K, committed 41856K, reserved 1085440K
  class space    used 5738K, capacity 6011K, committed 6016K, reserved 1048576K
}

